#
# There is insufficient memory for the Java Runtime Environment to continue.
# Native memory allocation (malloc) failed to allocate 32744 bytes for ChunkPool::allocate
# Possible reasons:
#   The system is out of physical RAM or swap space
#   The process is running with CompressedOops enabled, and the Java Heap may be blocking the growth of the native heap
# Possible solutions:
#   Reduce memory load on the system
#   Increase physical memory or swap space
#   Check if swap backing store is full
#   Decrease Java heap size (-Xmx/-Xms)
#   Decrease number of Java threads
#   Decrease Java thread stack sizes (-Xss)
#   Set larger code cache with -XX:ReservedCodeCacheSize=
#   JVM is running with Unscaled Compressed Oops mode in which the Java heap is
#     placed in the first 4GB address space. The Java Heap base address is the
#     maximum limit for the native heap growth. Please use -XX:HeapBaseMinAddress
#     to set the Java Heap base and to place the Java Heap above 4GB virtual address.
# This output file may be truncated or incomplete.
#
#  Out of Memory Error (arena.cpp:78), pid=9588, tid=8152
#
# JRE version: OpenJDK Runtime Environment Temurin-17.0.1+12 (17.0.1+12) (build 17.0.1+12)
# Java VM: OpenJDK 64-Bit Server VM Temurin-17.0.1+12 (17.0.1+12, mixed mode, tiered, compressed oops, compressed class ptrs, g1 gc, windows-amd64)
# No core dump will be written. Minidumps are not enabled by default on client versions of Windows
#

---------------  S U M M A R Y ------------

Command Line: -XX:+ShowCodeDetailsInExceptionMessages -agentlib:jdwp=transport=dt_socket,suspend=y,address=localhost:65248 -javaagent:C:\Users\userlocal\eclipse\java-2021-12\eclipse\configuration\org.eclipse.osgi\224\0\.cp\lib\javaagent-shaded.jar -Dfile.encoding=UTF-8 onibus.ON1

Host: Intel(R) Core(TM) i5-7500 CPU @ 3.40GHz, 4 cores, 7G,  Windows 10 , 64 bit Build 19041 (10.0.19041.1)
Time: Mon Jun 24 16:21:39 2024 Hora oficial do Brasil elapsed time: 6327.170357 seconds (0d 1h 45m 27s)

---------------  T H R E A D  ---------------

Current thread (0x0000022e57718be0):  JavaThread "C1 CompilerThread0" daemon [_thread_in_vm, id=8152, stack(0x000000850d700000,0x000000850d800000)]


Current CompileTask:
C1:6327170  483       3       org.eclipse.jdt.launching.internal.org.objectweb.asm.ByteVector::putShort (52 bytes)

Stack: [0x000000850d700000,0x000000850d800000]
Native frames: (J=compiled Java code, j=interpreted, Vv=VM code, C=native code)
V  [jvm.dll+0x6744da]
V  [jvm.dll+0x82e144]
V  [jvm.dll+0x82f8ee]
V  [jvm.dll+0x82ff53]
V  [jvm.dll+0x245175]
V  [jvm.dll+0xabaa0]
V  [jvm.dll+0xabdec]
V  [jvm.dll+0x1d457b]
V  [jvm.dll+0x1c16f4]
V  [jvm.dll+0x226cd7]
V  [jvm.dll+0x224f7c]
V  [jvm.dll+0x7e3f5b]
V  [jvm.dll+0x7de51a]
V  [jvm.dll+0x673305]
C  [ucrtbase.dll+0x21542]
C  [KERNEL32.DLL+0x16fd4]
C  [ntdll.dll+0x4cf31]


---------------  P R O C E S S  ---------------

Threads class SMR info:
_java_thread_list=0x0000022e576b17a0, length=15, elements={
0x0000022e3dfef230, 0x0000022e576b2cf0, 0x0000022e576b4210, 0x0000022e576d9f30,
0x0000022e57711030, 0x0000022e577118f0, 0x0000022e577121b0, 0x0000022e577182e0,
0x0000022e57718be0, 0x0000022e577198e0, 0x0000022e58288fe0, 0x0000022e583b66a0,
0x0000022e583b8930, 0x0000022e583be150, 0x0000022e58ac5810
}

Java Threads: ( => current thread )
  0x0000022e3dfef230 JavaThread "main" [_thread_in_native, id=9912, stack(0x000000850c900000,0x000000850ca00000)]
  0x0000022e576b2cf0 JavaThread "Reference Handler" daemon [_thread_blocked, id=4412, stack(0x000000850d000000,0x000000850d100000)]
  0x0000022e576b4210 JavaThread "Finalizer" daemon [_thread_blocked, id=1636, stack(0x000000850d100000,0x000000850d200000)]
  0x0000022e576d9f30 JavaThread "Signal Dispatcher" daemon [_thread_blocked, id=3396, stack(0x000000850d200000,0x000000850d300000)]
  0x0000022e57711030 JavaThread "Attach Listener" daemon [_thread_blocked, id=9936, stack(0x000000850d300000,0x000000850d400000)]
  0x0000022e577118f0 JavaThread "Service Thread" daemon [_thread_blocked, id=2592, stack(0x000000850d400000,0x000000850d500000)]
  0x0000022e577121b0 JavaThread "Monitor Deflation Thread" daemon [_thread_blocked, id=5540, stack(0x000000850d500000,0x000000850d600000)]
  0x0000022e577182e0 JavaThread "C2 CompilerThread0" daemon [_thread_in_vm, id=5968, stack(0x000000850d600000,0x000000850d700000)]
=>0x0000022e57718be0 JavaThread "C1 CompilerThread0" daemon [_thread_in_vm, id=8152, stack(0x000000850d700000,0x000000850d800000)]
  0x0000022e577198e0 JavaThread "Sweeper thread" daemon [_thread_blocked, id=9916, stack(0x000000850d800000,0x000000850d900000)]
  0x0000022e58288fe0 JavaThread "Common-Cleaner" daemon [_thread_blocked, id=4872, stack(0x000000850d900000,0x000000850da00000)]
  0x0000022e583b66a0 JavaThread "JDWP Transport Listener: dt_socket" daemon [_thread_in_vm, id=8204, stack(0x000000850da00000,0x000000850db00000)]
  0x0000022e583b8930 JavaThread "JDWP Event Helper Thread" daemon [_thread_blocked, id=8816, stack(0x000000850db00000,0x000000850dc00000)]
  0x0000022e583be150 JavaThread "JDWP Command Reader" daemon [_thread_in_native, id=8756, stack(0x000000850dc00000,0x000000850dd00000)]
  0x0000022e58ac5810 JavaThread "Notification Thread" daemon [_thread_blocked, id=8300, stack(0x000000850dd00000,0x000000850de00000)]

Other Threads:
  0x0000022e576cc8e0 VMThread "VM Thread" [stack: 0x000000850cf00000,0x000000850d000000] [id=1576]
  0x0000022e3e048940 WatcherThread [stack: 0x000000850de00000,0x000000850df00000] [id=4496]
  0x0000022e3e02e4a0 GCTaskThread "GC Thread#0" [stack: 0x000000850ca00000,0x000000850cb00000] [id=10044]
  0x0000022e3e03f030 ConcurrentGCThread "G1 Main Marker" [stack: 0x000000850cb00000,0x000000850cc00000] [id=5920]
  0x0000022e3e0400f0 ConcurrentGCThread "G1 Conc#0" [stack: 0x000000850cc00000,0x000000850cd00000] [id=5760]
  0x0000022e3e0b9fc0 ConcurrentGCThread "G1 Refine#0" [stack: 0x000000850cd00000,0x000000850ce00000] [id=1652]
  0x0000022e3e0ba8f0 ConcurrentGCThread "G1 Service" [stack: 0x000000850ce00000,0x000000850cf00000] [id=1496]

Threads with active compile tasks:
C2 CompilerThread0  6327278  482       4       org.eclipse.jdt.launching.internal.org.objectweb.asm.ClassReader::readUtf (161 bytes)
C1 CompilerThread0  6327278  483       3       org.eclipse.jdt.launching.internal.org.objectweb.asm.ByteVector::putShort (52 bytes)

VM state: not at safepoint (normal execution)

VM Mutex/Monitor currently owned by a thread: None

Heap address: 0x0000000081600000, size: 2026 MB, Compressed Oops mode: 32-bit

CDS archive(s) not mapped
Compressed class space mapped at: 0x0000000100000000-0x0000000140000000, reserved size: 1073741824
Narrow klass base: 0x0000000000000000, Narrow klass shift: 3, Narrow klass range: 0x140000000

GC Precious Log:
 CPUs: 4 total, 4 available
 Memory: 8099M
 Large Page Support: Disabled
 NUMA Support: Disabled
 Compressed Oops: Enabled (32-bit)
 Heap Region Size: 1M
 Heap Min Capacity: 8M
 Heap Initial Capacity: 128M
 Heap Max Capacity: 2026M
 Pre-touch: Disabled
 Parallel Workers: 4
 Concurrent Workers: 1
 Concurrent Refinement Workers: 4
 Periodic GC: Disabled

Heap:
 garbage-first heap   total 131072K, used 7168K [0x0000000081600000, 0x0000000100000000)
  region size 1024K, 8 young (8192K), 0 survivors (0K)
 Metaspace       used 10266K, committed 10368K, reserved 1064960K
  class space    used 893K, committed 960K, reserved 1048576K

Heap Regions: E=young(eden), S=young(survivor), O=old, HS=humongous(starts), HC=humongous(continues), CS=collection set, F=free, OA=open archive, CA=closed archive, TAMS=top-at-mark-start (previous, next)
|   0|0x0000000081600000, 0x0000000081600000, 0x0000000081700000|  0%| F|  |TAMS 0x0000000081600000, 0x0000000081600000| Untracked 
|   1|0x0000000081700000, 0x0000000081700000, 0x0000000081800000|  0%| F|  |TAMS 0x0000000081700000, 0x0000000081700000| Untracked 
|   2|0x0000000081800000, 0x0000000081800000, 0x0000000081900000|  0%| F|  |TAMS 0x0000000081800000, 0x0000000081800000| Untracked 
|   3|0x0000000081900000, 0x0000000081900000, 0x0000000081a00000|  0%| F|  |TAMS 0x0000000081900000, 0x0000000081900000| Untracked 
|   4|0x0000000081a00000, 0x0000000081a00000, 0x0000000081b00000|  0%| F|  |TAMS 0x0000000081a00000, 0x0000000081a00000| Untracked 
|   5|0x0000000081b00000, 0x0000000081b00000, 0x0000000081c00000|  0%| F|  |TAMS 0x0000000081b00000, 0x0000000081b00000| Untracked 
|   6|0x0000000081c00000, 0x0000000081c00000, 0x0000000081d00000|  0%| F|  |TAMS 0x0000000081c00000, 0x0000000081c00000| Untracked 
|   7|0x0000000081d00000, 0x0000000081d00000, 0x0000000081e00000|  0%| F|  |TAMS 0x0000000081d00000, 0x0000000081d00000| Untracked 
|   8|0x0000000081e00000, 0x0000000081e00000, 0x0000000081f00000|  0%| F|  |TAMS 0x0000000081e00000, 0x0000000081e00000| Untracked 
|   9|0x0000000081f00000, 0x0000000081f00000, 0x0000000082000000|  0%| F|  |TAMS 0x0000000081f00000, 0x0000000081f00000| Untracked 
|  10|0x0000000082000000, 0x0000000082000000, 0x0000000082100000|  0%| F|  |TAMS 0x0000000082000000, 0x0000000082000000| Untracked 
|  11|0x0000000082100000, 0x0000000082100000, 0x0000000082200000|  0%| F|  |TAMS 0x0000000082100000, 0x0000000082100000| Untracked 
|  12|0x0000000082200000, 0x0000000082200000, 0x0000000082300000|  0%| F|  |TAMS 0x0000000082200000, 0x0000000082200000| Untracked 
|  13|0x0000000082300000, 0x0000000082300000, 0x0000000082400000|  0%| F|  |TAMS 0x0000000082300000, 0x0000000082300000| Untracked 
|  14|0x0000000082400000, 0x0000000082400000, 0x0000000082500000|  0%| F|  |TAMS 0x0000000082400000, 0x0000000082400000| Untracked 
|  15|0x0000000082500000, 0x0000000082500000, 0x0000000082600000|  0%| F|  |TAMS 0x0000000082500000, 0x0000000082500000| Untracked 
|  16|0x0000000082600000, 0x0000000082600000, 0x0000000082700000|  0%| F|  |TAMS 0x0000000082600000, 0x0000000082600000| Untracked 
|  17|0x0000000082700000, 0x0000000082700000, 0x0000000082800000|  0%| F|  |TAMS 0x0000000082700000, 0x0000000082700000| Untracked 
|  18|0x0000000082800000, 0x0000000082800000, 0x0000000082900000|  0%| F|  |TAMS 0x0000000082800000, 0x0000000082800000| Untracked 
|  19|0x0000000082900000, 0x0000000082900000, 0x0000000082a00000|  0%| F|  |TAMS 0x0000000082900000, 0x0000000082900000| Untracked 
|  20|0x0000000082a00000, 0x0000000082a00000, 0x0000000082b00000|  0%| F|  |TAMS 0x0000000082a00000, 0x0000000082a00000| Untracked 
|  21|0x0000000082b00000, 0x0000000082b00000, 0x0000000082c00000|  0%| F|  |TAMS 0x0000000082b00000, 0x0000000082b00000| Untracked 
|  22|0x0000000082c00000, 0x0000000082c00000, 0x0000000082d00000|  0%| F|  |TAMS 0x0000000082c00000, 0x0000000082c00000| Untracked 
|  23|0x0000000082d00000, 0x0000000082d00000, 0x0000000082e00000|  0%| F|  |TAMS 0x0000000082d00000, 0x0000000082d00000| Untracked 
|  24|0x0000000082e00000, 0x0000000082e00000, 0x0000000082f00000|  0%| F|  |TAMS 0x0000000082e00000, 0x0000000082e00000| Untracked 
|  25|0x0000000082f00000, 0x0000000082f00000, 0x0000000083000000|  0%| F|  |TAMS 0x0000000082f00000, 0x0000000082f00000| Untracked 
|  26|0x0000000083000000, 0x0000000083000000, 0x0000000083100000|  0%| F|  |TAMS 0x0000000083000000, 0x0000000083000000| Untracked 
|  27|0x0000000083100000, 0x0000000083100000, 0x0000000083200000|  0%| F|  |TAMS 0x0000000083100000, 0x0000000083100000| Untracked 
|  28|0x0000000083200000, 0x0000000083200000, 0x0000000083300000|  0%| F|  |TAMS 0x0000000083200000, 0x0000000083200000| Untracked 
|  29|0x0000000083300000, 0x0000000083300000, 0x0000000083400000|  0%| F|  |TAMS 0x0000000083300000, 0x0000000083300000| Untracked 
|  30|0x0000000083400000, 0x0000000083400000, 0x0000000083500000|  0%| F|  |TAMS 0x0000000083400000, 0x0000000083400000| Untracked 
|  31|0x0000000083500000, 0x0000000083500000, 0x0000000083600000|  0%| F|  |TAMS 0x0000000083500000, 0x0000000083500000| Untracked 
|  32|0x0000000083600000, 0x0000000083600000, 0x0000000083700000|  0%| F|  |TAMS 0x0000000083600000, 0x0000000083600000| Untracked 
|  33|0x0000000083700000, 0x0000000083700000, 0x0000000083800000|  0%| F|  |TAMS 0x0000000083700000, 0x0000000083700000| Untracked 
|  34|0x0000000083800000, 0x0000000083800000, 0x0000000083900000|  0%| F|  |TAMS 0x0000000083800000, 0x0000000083800000| Untracked 
|  35|0x0000000083900000, 0x0000000083900000, 0x0000000083a00000|  0%| F|  |TAMS 0x0000000083900000, 0x0000000083900000| Untracked 
|  36|0x0000000083a00000, 0x0000000083a00000, 0x0000000083b00000|  0%| F|  |TAMS 0x0000000083a00000, 0x0000000083a00000| Untracked 
|  37|0x0000000083b00000, 0x0000000083b00000, 0x0000000083c00000|  0%| F|  |TAMS 0x0000000083b00000, 0x0000000083b00000| Untracked 
|  38|0x0000000083c00000, 0x0000000083c00000, 0x0000000083d00000|  0%| F|  |TAMS 0x0000000083c00000, 0x0000000083c00000| Untracked 
|  39|0x0000000083d00000, 0x0000000083d00000, 0x0000000083e00000|  0%| F|  |TAMS 0x0000000083d00000, 0x0000000083d00000| Untracked 
|  40|0x0000000083e00000, 0x0000000083e00000, 0x0000000083f00000|  0%| F|  |TAMS 0x0000000083e00000, 0x0000000083e00000| Untracked 
|  41|0x0000000083f00000, 0x0000000083f00000, 0x0000000084000000|  0%| F|  |TAMS 0x0000000083f00000, 0x0000000083f00000| Untracked 
|  42|0x0000000084000000, 0x0000000084000000, 0x0000000084100000|  0%| F|  |TAMS 0x0000000084000000, 0x0000000084000000| Untracked 
|  43|0x0000000084100000, 0x0000000084100000, 0x0000000084200000|  0%| F|  |TAMS 0x0000000084100000, 0x0000000084100000| Untracked 
|  44|0x0000000084200000, 0x0000000084200000, 0x0000000084300000|  0%| F|  |TAMS 0x0000000084200000, 0x0000000084200000| Untracked 
|  45|0x0000000084300000, 0x0000000084300000, 0x0000000084400000|  0%| F|  |TAMS 0x0000000084300000, 0x0000000084300000| Untracked 
|  46|0x0000000084400000, 0x0000000084400000, 0x0000000084500000|  0%| F|  |TAMS 0x0000000084400000, 0x0000000084400000| Untracked 
|  47|0x0000000084500000, 0x0000000084500000, 0x0000000084600000|  0%| F|  |TAMS 0x0000000084500000, 0x0000000084500000| Untracked 
|  48|0x0000000084600000, 0x0000000084600000, 0x0000000084700000|  0%| F|  |TAMS 0x0000000084600000, 0x0000000084600000| Untracked 
|  49|0x0000000084700000, 0x0000000084700000, 0x0000000084800000|  0%| F|  |TAMS 0x0000000084700000, 0x0000000084700000| Untracked 
|  50|0x0000000084800000, 0x0000000084800000, 0x0000000084900000|  0%| F|  |TAMS 0x0000000084800000, 0x0000000084800000| Untracked 
|  51|0x0000000084900000, 0x0000000084900000, 0x0000000084a00000|  0%| F|  |TAMS 0x0000000084900000, 0x0000000084900000| Untracked 
|  52|0x0000000084a00000, 0x0000000084a00000, 0x0000000084b00000|  0%| F|  |TAMS 0x0000000084a00000, 0x0000000084a00000| Untracked 
|  53|0x0000000084b00000, 0x0000000084b00000, 0x0000000084c00000|  0%| F|  |TAMS 0x0000000084b00000, 0x0000000084b00000| Untracked 
|  54|0x0000000084c00000, 0x0000000084c00000, 0x0000000084d00000|  0%| F|  |TAMS 0x0000000084c00000, 0x0000000084c00000| Untracked 
|  55|0x0000000084d00000, 0x0000000084d00000, 0x0000000084e00000|  0%| F|  |TAMS 0x0000000084d00000, 0x0000000084d00000| Untracked 
|  56|0x0000000084e00000, 0x0000000084e00000, 0x0000000084f00000|  0%| F|  |TAMS 0x0000000084e00000, 0x0000000084e00000| Untracked 
|  57|0x0000000084f00000, 0x0000000084f00000, 0x0000000085000000|  0%| F|  |TAMS 0x0000000084f00000, 0x0000000084f00000| Untracked 
|  58|0x0000000085000000, 0x0000000085000000, 0x0000000085100000|  0%| F|  |TAMS 0x0000000085000000, 0x0000000085000000| Untracked 
|  59|0x0000000085100000, 0x0000000085100000, 0x0000000085200000|  0%| F|  |TAMS 0x0000000085100000, 0x0000000085100000| Untracked 
|  60|0x0000000085200000, 0x0000000085200000, 0x0000000085300000|  0%| F|  |TAMS 0x0000000085200000, 0x0000000085200000| Untracked 
|  61|0x0000000085300000, 0x0000000085300000, 0x0000000085400000|  0%| F|  |TAMS 0x0000000085300000, 0x0000000085300000| Untracked 
|  62|0x0000000085400000, 0x0000000085400000, 0x0000000085500000|  0%| F|  |TAMS 0x0000000085400000, 0x0000000085400000| Untracked 
|  63|0x0000000085500000, 0x0000000085500000, 0x0000000085600000|  0%| F|  |TAMS 0x0000000085500000, 0x0000000085500000| Untracked 
|  64|0x0000000085600000, 0x0000000085600000, 0x0000000085700000|  0%| F|  |TAMS 0x0000000085600000, 0x0000000085600000| Untracked 
|  65|0x0000000085700000, 0x0000000085700000, 0x0000000085800000|  0%| F|  |TAMS 0x0000000085700000, 0x0000000085700000| Untracked 
|  66|0x0000000085800000, 0x0000000085800000, 0x0000000085900000|  0%| F|  |TAMS 0x0000000085800000, 0x0000000085800000| Untracked 
|  67|0x0000000085900000, 0x0000000085900000, 0x0000000085a00000|  0%| F|  |TAMS 0x0000000085900000, 0x0000000085900000| Untracked 
|  68|0x0000000085a00000, 0x0000000085a00000, 0x0000000085b00000|  0%| F|  |TAMS 0x0000000085a00000, 0x0000000085a00000| Untracked 
|  69|0x0000000085b00000, 0x0000000085b00000, 0x0000000085c00000|  0%| F|  |TAMS 0x0000000085b00000, 0x0000000085b00000| Untracked 
|  70|0x0000000085c00000, 0x0000000085c00000, 0x0000000085d00000|  0%| F|  |TAMS 0x0000000085c00000, 0x0000000085c00000| Untracked 
|  71|0x0000000085d00000, 0x0000000085d00000, 0x0000000085e00000|  0%| F|  |TAMS 0x0000000085d00000, 0x0000000085d00000| Untracked 
|  72|0x0000000085e00000, 0x0000000085e00000, 0x0000000085f00000|  0%| F|  |TAMS 0x0000000085e00000, 0x0000000085e00000| Untracked 
|  73|0x0000000085f00000, 0x0000000085f00000, 0x0000000086000000|  0%| F|  |TAMS 0x0000000085f00000, 0x0000000085f00000| Untracked 
|  74|0x0000000086000000, 0x0000000086000000, 0x0000000086100000|  0%| F|  |TAMS 0x0000000086000000, 0x0000000086000000| Untracked 
|  75|0x0000000086100000, 0x0000000086100000, 0x0000000086200000|  0%| F|  |TAMS 0x0000000086100000, 0x0000000086100000| Untracked 
|  76|0x0000000086200000, 0x0000000086200000, 0x0000000086300000|  0%| F|  |TAMS 0x0000000086200000, 0x0000000086200000| Untracked 
|  77|0x0000000086300000, 0x0000000086300000, 0x0000000086400000|  0%| F|  |TAMS 0x0000000086300000, 0x0000000086300000| Untracked 
|  78|0x0000000086400000, 0x0000000086400000, 0x0000000086500000|  0%| F|  |TAMS 0x0000000086400000, 0x0000000086400000| Untracked 
|  79|0x0000000086500000, 0x0000000086500000, 0x0000000086600000|  0%| F|  |TAMS 0x0000000086500000, 0x0000000086500000| Untracked 
|  80|0x0000000086600000, 0x0000000086600000, 0x0000000086700000|  0%| F|  |TAMS 0x0000000086600000, 0x0000000086600000| Untracked 
|  81|0x0000000086700000, 0x0000000086700000, 0x0000000086800000|  0%| F|  |TAMS 0x0000000086700000, 0x0000000086700000| Untracked 
|  82|0x0000000086800000, 0x0000000086800000, 0x0000000086900000|  0%| F|  |TAMS 0x0000000086800000, 0x0000000086800000| Untracked 
|  83|0x0000000086900000, 0x0000000086900000, 0x0000000086a00000|  0%| F|  |TAMS 0x0000000086900000, 0x0000000086900000| Untracked 
|  84|0x0000000086a00000, 0x0000000086a00000, 0x0000000086b00000|  0%| F|  |TAMS 0x0000000086a00000, 0x0000000086a00000| Untracked 
|  85|0x0000000086b00000, 0x0000000086b00000, 0x0000000086c00000|  0%| F|  |TAMS 0x0000000086b00000, 0x0000000086b00000| Untracked 
|  86|0x0000000086c00000, 0x0000000086c00000, 0x0000000086d00000|  0%| F|  |TAMS 0x0000000086c00000, 0x0000000086c00000| Untracked 
|  87|0x0000000086d00000, 0x0000000086d00000, 0x0000000086e00000|  0%| F|  |TAMS 0x0000000086d00000, 0x0000000086d00000| Untracked 
|  88|0x0000000086e00000, 0x0000000086e00000, 0x0000000086f00000|  0%| F|  |TAMS 0x0000000086e00000, 0x0000000086e00000| Untracked 
|  89|0x0000000086f00000, 0x0000000086f00000, 0x0000000087000000|  0%| F|  |TAMS 0x0000000086f00000, 0x0000000086f00000| Untracked 
|  90|0x0000000087000000, 0x0000000087000000, 0x0000000087100000|  0%| F|  |TAMS 0x0000000087000000, 0x0000000087000000| Untracked 
|  91|0x0000000087100000, 0x0000000087100000, 0x0000000087200000|  0%| F|  |TAMS 0x0000000087100000, 0x0000000087100000| Untracked 
|  92|0x0000000087200000, 0x0000000087200000, 0x0000000087300000|  0%| F|  |TAMS 0x0000000087200000, 0x0000000087200000| Untracked 
|  93|0x0000000087300000, 0x0000000087300000, 0x0000000087400000|  0%| F|  |TAMS 0x0000000087300000, 0x0000000087300000| Untracked 
|  94|0x0000000087400000, 0x0000000087400000, 0x0000000087500000|  0%| F|  |TAMS 0x0000000087400000, 0x0000000087400000| Untracked 
|  95|0x0000000087500000, 0x0000000087500000, 0x0000000087600000|  0%| F|  |TAMS 0x0000000087500000, 0x0000000087500000| Untracked 
|  96|0x0000000087600000, 0x0000000087600000, 0x0000000087700000|  0%| F|  |TAMS 0x0000000087600000, 0x0000000087600000| Untracked 
|  97|0x0000000087700000, 0x0000000087700000, 0x0000000087800000|  0%| F|  |TAMS 0x0000000087700000, 0x0000000087700000| Untracked 
|  98|0x0000000087800000, 0x0000000087800000, 0x0000000087900000|  0%| F|  |TAMS 0x0000000087800000, 0x0000000087800000| Untracked 
|  99|0x0000000087900000, 0x0000000087900000, 0x0000000087a00000|  0%| F|  |TAMS 0x0000000087900000, 0x0000000087900000| Untracked 
| 100|0x0000000087a00000, 0x0000000087a00000, 0x0000000087b00000|  0%| F|  |TAMS 0x0000000087a00000, 0x0000000087a00000| Untracked 
| 101|0x0000000087b00000, 0x0000000087b00000, 0x0000000087c00000|  0%| F|  |TAMS 0x0000000087b00000, 0x0000000087b00000| Untracked 
| 102|0x0000000087c00000, 0x0000000087c00000, 0x0000000087d00000|  0%| F|  |TAMS 0x0000000087c00000, 0x0000000087c00000| Untracked 
| 103|0x0000000087d00000, 0x0000000087d00000, 0x0000000087e00000|  0%| F|  |TAMS 0x0000000087d00000, 0x0000000087d00000| Untracked 
| 104|0x0000000087e00000, 0x0000000087e00000, 0x0000000087f00000|  0%| F|  |TAMS 0x0000000087e00000, 0x0000000087e00000| Untracked 
| 105|0x0000000087f00000, 0x0000000087f00000, 0x0000000088000000|  0%| F|  |TAMS 0x0000000087f00000, 0x0000000087f00000| Untracked 
| 106|0x0000000088000000, 0x0000000088000000, 0x0000000088100000|  0%| F|  |TAMS 0x0000000088000000, 0x0000000088000000| Untracked 
| 107|0x0000000088100000, 0x0000000088100000, 0x0000000088200000|  0%| F|  |TAMS 0x0000000088100000, 0x0000000088100000| Untracked 
| 108|0x0000000088200000, 0x0000000088200000, 0x0000000088300000|  0%| F|  |TAMS 0x0000000088200000, 0x0000000088200000| Untracked 
| 109|0x0000000088300000, 0x0000000088300000, 0x0000000088400000|  0%| F|  |TAMS 0x0000000088300000, 0x0000000088300000| Untracked 
| 110|0x0000000088400000, 0x0000000088400000, 0x0000000088500000|  0%| F|  |TAMS 0x0000000088400000, 0x0000000088400000| Untracked 
| 111|0x0000000088500000, 0x0000000088500000, 0x0000000088600000|  0%| F|  |TAMS 0x0000000088500000, 0x0000000088500000| Untracked 
| 112|0x0000000088600000, 0x0000000088600000, 0x0000000088700000|  0%| F|  |TAMS 0x0000000088600000, 0x0000000088600000| Untracked 
| 113|0x0000000088700000, 0x0000000088700000, 0x0000000088800000|  0%| F|  |TAMS 0x0000000088700000, 0x0000000088700000| Untracked 
| 114|0x0000000088800000, 0x0000000088800000, 0x0000000088900000|  0%| F|  |TAMS 0x0000000088800000, 0x0000000088800000| Untracked 
| 115|0x0000000088900000, 0x0000000088900000, 0x0000000088a00000|  0%| F|  |TAMS 0x0000000088900000, 0x0000000088900000| Untracked 
| 116|0x0000000088a00000, 0x0000000088a00000, 0x0000000088b00000|  0%| F|  |TAMS 0x0000000088a00000, 0x0000000088a00000| Untracked 
| 117|0x0000000088b00000, 0x0000000088b00000, 0x0000000088c00000|  0%| F|  |TAMS 0x0000000088b00000, 0x0000000088b00000| Untracked 
| 118|0x0000000088c00000, 0x0000000088c00000, 0x0000000088d00000|  0%| F|  |TAMS 0x0000000088c00000, 0x0000000088c00000| Untracked 
| 119|0x0000000088d00000, 0x0000000088d00000, 0x0000000088e00000|  0%| F|  |TAMS 0x0000000088d00000, 0x0000000088d00000| Untracked 
| 120|0x0000000088e00000, 0x0000000088e43560, 0x0000000088f00000| 26%| E|  |TAMS 0x0000000088e00000, 0x0000000088e00000| Complete 
| 121|0x0000000088f00000, 0x0000000089000000, 0x0000000089000000|100%| E|CS|TAMS 0x0000000088f00000, 0x0000000088f00000| Complete 
| 122|0x0000000089000000, 0x0000000089100000, 0x0000000089100000|100%| E|CS|TAMS 0x0000000089000000, 0x0000000089000000| Complete 
| 123|0x0000000089100000, 0x0000000089200000, 0x0000000089200000|100%| E|CS|TAMS 0x0000000089100000, 0x0000000089100000| Complete 
| 124|0x0000000089200000, 0x0000000089300000, 0x0000000089300000|100%| E|CS|TAMS 0x0000000089200000, 0x0000000089200000| Complete 
| 125|0x0000000089300000, 0x0000000089400000, 0x0000000089400000|100%| E|CS|TAMS 0x0000000089300000, 0x0000000089300000| Complete 
| 126|0x0000000089400000, 0x0000000089500000, 0x0000000089500000|100%| E|CS|TAMS 0x0000000089400000, 0x0000000089400000| Complete 
| 127|0x0000000089500000, 0x0000000089600000, 0x0000000089600000|100%| E|CS|TAMS 0x0000000089500000, 0x0000000089500000| Complete 

Card table byte_map: [0x0000022e50aa0000,0x0000022e50ea0000] _byte_map_base: 0x0000022e50695000

Marking Bits (Prev, Next): (CMBitMap*) 0x0000022e3e02e9c0, (CMBitMap*) 0x0000022e3e02ea00
 Prev Bits: [0x0000022e512a0000, 0x0000022e53248000)
 Next Bits: [0x0000022e53250000, 0x0000022e551f8000)

Polling page: 0x0000022e3be30000

Metaspace:

Usage:
  Non-class:      9.15 MB used.
      Class:    893.33 KB used.
       Both:     10.03 MB used.

Virtual space:
  Non-class space:       16.00 MB reserved,       9.19 MB ( 57%) committed,  2 nodes.
      Class space:        1.00 GB reserved,     960.00 KB ( <1%) committed,  1 nodes.
             Both:        1.02 GB reserved,      10.12 MB ( <1%) committed. 

Chunk freelists:
   Non-Class:  2.69 MB
       Class:  2.97 MB
        Both:  5.65 MB

MaxMetaspaceSize: unlimited
CompressedClassSpaceSize: 1.00 GB
Initial GC threshold: 21.00 MB
Current GC threshold: 21.00 MB
CDS: off
MetaspaceReclaimPolicy: balanced
 - commit_granule_bytes: 65536.
 - commit_granule_words: 8192.
 - virtual_space_node_default_size: 1048576.
 - enlarge_chunks_in_place: 1.
 - new_chunks_are_fully_committed: 0.
 - uncommit_free_chunks: 1.
 - use_allocation_guard: 0.
 - handle_deallocations: 1.


Internal statistics:

num_allocs_failed_limit: 0.
num_arena_births: 10.
num_arena_deaths: 0.
num_vsnodes_births: 3.
num_vsnodes_deaths: 0.
num_space_committed: 162.
num_space_uncommitted: 0.
num_chunks_returned_to_freelist: 0.
num_chunks_taken_from_freelist: 54.
num_chunk_merges: 0.
num_chunk_splits: 22.
num_chunks_enlarged: 15.
num_purges: 0.
num_inconsistent_stats: 0.

CodeHeap 'non-profiled nmethods': size=120000Kb used=151Kb max_used=151Kb free=119848Kb
 bounds [0x0000022e49170000, 0x0000022e493e0000, 0x0000022e506a0000]
CodeHeap 'profiled nmethods': size=120000Kb used=677Kb max_used=677Kb free=119322Kb
 bounds [0x0000022e41c40000, 0x0000022e41eb0000, 0x0000022e49170000]
CodeHeap 'non-nmethods': size=5760Kb used=1207Kb max_used=1226Kb free=4552Kb
 bounds [0x0000022e416a0000, 0x0000022e41910000, 0x0000022e41c40000]
 total_blobs=889 nmethods=465 adapters=337
 compilation: enabled
              stopped_count=0, restarted_count=0
 full_count=0

Compilation events (20 events):
Event: 5184.833 Thread 0x0000022e57718be0  473       3       org.eclipse.jdt.launching.internal.org.objectweb.asm.ByteVector::putShort (52 bytes)
Event: 5184.836 Thread 0x0000022e57718be0 

Event: 5273.567 Thread 0x0000022e57718be0  474       1       org.eclipse.jdt.launching.internal.org.objectweb.asm.SymbolTable::getMajorVersion (5 bytes)
Event: 5273.567 Thread 0x0000022e57718be0 nmethod 474 0x0000022e49195610 code [0x0000022e491957a0, 0x0000022e49195878]
Event: 5273.567 Thread 0x0000022e57718be0  475       1       org.eclipse.jdt.launching.internal.org.objectweb.asm.SymbolTable::getSource (5 bytes)
Event: 5273.567 Thread 0x0000022e57718be0 nmethod 475 0x0000022e49195910 code [0x0000022e49195aa0, 0x0000022e49195b78]
Event: 5415.745 Thread 0x0000022e577182e0  476       4       java.lang.String::hashCode (60 bytes)
Event: 5415.751 Thread 0x0000022e577182e0 

Event: 5513.786 Thread 0x0000022e57718be0  477       3       org.eclipse.jdt.launching.internal.org.objectweb.asm.SymbolTable$Entry::<init> (20 bytes)
Event: 5513.786 Thread 0x0000022e577182e0  479       4       org.eclipse.jdt.launching.internal.org.objectweb.asm.ClassReader::readUtf (161 bytes)
Event: 5513.786 Thread 0x0000022e57718be0 nmethod 477 0x0000022e41ce9210 code [0x0000022e41ce93a0, 0x0000022e41ce9548]
Event: 5513.786 Thread 0x0000022e57718be0  478       3       org.eclipse.jdt.launching.internal.org.objectweb.asm.SymbolTable$Entry::<init> (18 bytes)
Event: 5513.788 Thread 0x0000022e57718be0 

Event: 5513.796 Thread 0x0000022e577182e0 

Event: 5851.348 Thread 0x0000022e577182e0  480       4       org.eclipse.jdt.launching.internal.org.objectweb.asm.ClassReader::readUtf (44 bytes)
Event: 5851.364 Thread 0x0000022e577182e0 

Event: 6327.015 Thread 0x0000022e57718be0  481       1       java.net.URL::getRef (5 bytes)
Event: 6327.016 Thread 0x0000022e577182e0  482       4       org.eclipse.jdt.launching.internal.org.objectweb.asm.ClassReader::readUtf (161 bytes)
Event: 6327.016 Thread 0x0000022e57718be0 nmethod 481 0x0000022e49195c10 code [0x0000022e49195da0, 0x0000022e49195e78]
Event: 6327.016 Thread 0x0000022e57718be0  483       3       org.eclipse.jdt.launching.internal.org.objectweb.asm.ByteVector::putShort (52 bytes)

GC Heap History (0 events):
No events

Deoptimization events (20 events):
Event: 0.346 Thread 0x0000022e3dfef230 DEOPT PACKING pc=0x0000022e41cad82c sp=0x000000850c9fb770
Event: 0.346 Thread 0x0000022e3dfef230 DEOPT UNPACKING pc=0x0000022e416f2b43 sp=0x000000850c9fabd8 mode 0
Event: 0.347 Thread 0x0000022e3dfef230 DEOPT PACKING pc=0x0000022e41cad82c sp=0x000000850c9f7ca0
Event: 0.347 Thread 0x0000022e3dfef230 DEOPT UNPACKING pc=0x0000022e416f2b43 sp=0x000000850c9f7108 mode 0
Event: 0.349 Thread 0x0000022e3dfef230 DEOPT PACKING pc=0x0000022e41cad82c sp=0x000000850c9fb6a0
Event: 0.349 Thread 0x0000022e3dfef230 DEOPT UNPACKING pc=0x0000022e416f2b43 sp=0x000000850c9fab08 mode 0
Event: 0.350 Thread 0x0000022e3dfef230 DEOPT PACKING pc=0x0000022e41cad82c sp=0x000000850c9fb770
Event: 0.350 Thread 0x0000022e3dfef230 DEOPT UNPACKING pc=0x0000022e416f2b43 sp=0x000000850c9fabd8 mode 0
Event: 0.353 Thread 0x0000022e3dfef230 DEOPT PACKING pc=0x0000022e41cad82c sp=0x000000850c9f7910
Event: 0.353 Thread 0x0000022e3dfef230 DEOPT UNPACKING pc=0x0000022e416f2b43 sp=0x000000850c9f6d78 mode 0
Event: 0.354 Thread 0x0000022e3dfef230 DEOPT PACKING pc=0x0000022e41cad82c sp=0x000000850c9f7910
Event: 0.354 Thread 0x0000022e3dfef230 DEOPT UNPACKING pc=0x0000022e416f2b43 sp=0x000000850c9f6d78 mode 0
Event: 0.375 Thread 0x0000022e3dfef230 Uncommon trap: trap_request=0xffffff45 fr.pc=0x0000022e491798b8 relative=0x0000000000000238
Event: 0.375 Thread 0x0000022e3dfef230 Uncommon trap: reason=unstable_if action=reinterpret pc=0x0000022e491798b8 method=java.lang.String.isLatin1()Z @ 10 c2
Event: 0.375 Thread 0x0000022e3dfef230 DEOPT PACKING pc=0x0000022e491798b8 sp=0x000000850c9fc540
Event: 0.375 Thread 0x0000022e3dfef230 DEOPT UNPACKING pc=0x0000022e416f23a3 sp=0x000000850c9fc488 mode 2
Event: 0.380 Thread 0x0000022e3dfef230 Uncommon trap: trap_request=0xffffff45 fr.pc=0x0000022e491823c8 relative=0x0000000000000048
Event: 0.380 Thread 0x0000022e3dfef230 Uncommon trap: reason=unstable_if action=reinterpret pc=0x0000022e491823c8 method=java.lang.CharacterData.of(I)Ljava/lang/CharacterData; @ 4 c2
Event: 0.380 Thread 0x0000022e3dfef230 DEOPT PACKING pc=0x0000022e491823c8 sp=0x000000850c9fe500
Event: 0.380 Thread 0x0000022e3dfef230 DEOPT UNPACKING pc=0x0000022e416f23a3 sp=0x000000850c9fe4a0 mode 2

Classes unloaded (0 events):
No events

Classes redefined (20 events):
Event: 1667.687 Thread 0x0000022e576cc8e0 redefined class name=onibus.ON1, count=13
Event: 1889.695 Thread 0x0000022e576cc8e0 redefined class name=onibus.ON1, count=14
Event: 2046.173 Thread 0x0000022e576cc8e0 redefined class name=onibus.ON1, count=15
Event: 2206.077 Thread 0x0000022e576cc8e0 redefined class name=onibus.ON1, count=16
Event: 2253.354 Thread 0x0000022e576cc8e0 redefined class name=onibus.ON1, count=17
Event: 2321.949 Thread 0x0000022e576cc8e0 redefined class name=onibus.ON1, count=18
Event: 2365.344 Thread 0x0000022e576cc8e0 redefined class name=onibus.ON1, count=19
Event: 2555.240 Thread 0x0000022e576cc8e0 redefined class name=onibus.ON1, count=20
Event: 2654.056 Thread 0x0000022e576cc8e0 redefined class name=onibus.ON1, count=21
Event: 2772.731 Thread 0x0000022e576cc8e0 redefined class name=onibus.ON1, count=22
Event: 2905.469 Thread 0x0000022e576cc8e0 redefined class name=onibus.ON1, count=23
Event: 2973.940 Thread 0x0000022e576cc8e0 redefined class name=onibus.ON1, count=24
Event: 3110.900 Thread 0x0000022e576cc8e0 redefined class name=onibus.ON1, count=25
Event: 5184.834 Thread 0x0000022e576cc8e0 redefined class name=onibus.ON1, count=26
Event: 5273.567 Thread 0x0000022e576cc8e0 redefined class name=onibus.ON1, count=27
Event: 5415.746 Thread 0x0000022e576cc8e0 redefined class name=onibus.ON1, count=28
Event: 5513.787 Thread 0x0000022e576cc8e0 redefined class name=onibus.ON1, count=29
Event: 5607.025 Thread 0x0000022e576cc8e0 redefined class name=onibus.ON1, count=30
Event: 5851.349 Thread 0x0000022e576cc8e0 redefined class name=onibus.ON1, count=31
Event: 6118.011 Thread 0x0000022e576cc8e0 redefined class name=onibus.ON1, count=32

Internal exceptions (0 events):
No events

VM Operations (20 events):
Event: 2905.469 Executing VM operation: RedefineClasses
Event: 2905.471 Executing VM operation: RedefineClasses done
Event: 2973.939 Executing VM operation: RedefineClasses
Event: 2973.941 Executing VM operation: RedefineClasses done
Event: 3110.900 Executing VM operation: RedefineClasses
Event: 3110.902 Executing VM operation: RedefineClasses done
Event: 5184.833 Executing VM operation: RedefineClasses
Event: 5184.836 Executing VM operation: RedefineClasses done
Event: 5273.567 Executing VM operation: RedefineClasses
Event: 5273.569 Executing VM operation: RedefineClasses done
Event: 5415.746 Executing VM operation: RedefineClasses
Event: 5415.747 Executing VM operation: RedefineClasses done
Event: 5513.786 Executing VM operation: RedefineClasses
Event: 5513.788 Executing VM operation: RedefineClasses done
Event: 5607.024 Executing VM operation: RedefineClasses
Event: 5607.026 Executing VM operation: RedefineClasses done
Event: 5851.349 Executing VM operation: RedefineClasses
Event: 5851.351 Executing VM operation: RedefineClasses done
Event: 6118.010 Executing VM operation: RedefineClasses
Event: 6118.012 Executing VM operation: RedefineClasses done

Events (20 events):
Event: 0.380 loading class java/lang/StringUTF16$CharsSpliterator
Event: 0.380 loading class java/lang/StringUTF16$CharsSpliterator done
Event: 0.380 loading class java/lang/CharacterData00
Event: 0.380 loading class java/lang/CharacterData00 done
Event: 0.381 loading class java/text/DecimalFormat
Event: 0.382 loading class java/text/DecimalFormat done
Event: 0.382 loading class java/text/FieldPosition
Event: 0.382 loading class java/text/FieldPosition done
Event: 0.382 loading class java/text/DigitList
Event: 0.382 loading class java/text/DigitList done
Event: 0.382 loading class java/math/RoundingMode
Event: 0.382 loading class java/math/RoundingMode done
Event: 0.383 loading class java/util/regex/Pattern$Ques
Event: 0.383 loading class java/util/regex/Pattern$Ques done
Event: 0.384 loading class java/util/regex/Pattern$Curly
Event: 0.384 loading class java/util/regex/Pattern$Curly done
Event: 0.384 loading class java/util/regex/Pattern$GroupCurly
Event: 0.384 loading class java/util/regex/Pattern$GroupCurly done
Event: 2.674 loading class java/util/regex/Pattern$1
Event: 2.675 loading class java/util/regex/Pattern$1 done


Dynamic libraries:
0x00007ff781c50000 - 0x00007ff781c5e000 	C:\Users\userlocal\.p2\pool\plugins\org.eclipse.justj.openjdk.hotspot.jre.full.win32.x86_64_17.0.1.v20211116-1657\jre\bin\javaw.exe
0x00007ffdcaf90000 - 0x00007ffdcb184000 	C:\WINDOWS\SYSTEM32\ntdll.dll
0x00007ffdca260000 - 0x00007ffdca31d000 	C:\WINDOWS\System32\KERNEL32.DLL
0x00007ffdc8c50000 - 0x00007ffdc8f17000 	C:\WINDOWS\System32\KERNELBASE.dll
0x00007ffdc86d0000 - 0x00007ffdc87d0000 	C:\WINDOWS\System32\ucrtbase.dll
0x00007ffda3670000 - 0x00007ffda3688000 	C:\Users\userlocal\.p2\pool\plugins\org.eclipse.justj.openjdk.hotspot.jre.full.win32.x86_64_17.0.1.v20211116-1657\jre\bin\jli.dll
0x00007ffda9410000 - 0x00007ffda9429000 	C:\Users\userlocal\.p2\pool\plugins\org.eclipse.justj.openjdk.hotspot.jre.full.win32.x86_64_17.0.1.v20211116-1657\jre\bin\VCRUNTIME140.dll
0x00007ffdcadb0000 - 0x00007ffdcaf50000 	C:\WINDOWS\System32\USER32.dll
0x00007ffdc88e0000 - 0x00007ffdc8902000 	C:\WINDOWS\System32\win32u.dll
0x00007ffda7380000 - 0x00007ffda761a000 	C:\WINDOWS\WinSxS\amd64_microsoft.windows.common-controls_6595b64144ccf1df_6.0.19041.1_none_b555e41d4684ddec\COMCTL32.dll
0x00007ffdca570000 - 0x00007ffdca59a000 	C:\WINDOWS\System32\GDI32.dll
0x00007ffdc9180000 - 0x00007ffdc921e000 	C:\WINDOWS\System32\msvcrt.dll
0x00007ffdc87d0000 - 0x00007ffdc88da000 	C:\WINDOWS\System32\gdi32full.dll
0x00007ffdc8f50000 - 0x00007ffdc8fed000 	C:\WINDOWS\System32\msvcp_win.dll
0x00007ffdca1b0000 - 0x00007ffdca1e0000 	C:\WINDOWS\System32\IMM32.DLL
0x00007ffdc3260000 - 0x00007ffdc326c000 	C:\Users\userlocal\.p2\pool\plugins\org.eclipse.justj.openjdk.hotspot.jre.full.win32.x86_64_17.0.1.v20211116-1657\jre\bin\vcruntime140_1.dll
0x00007ffd91450000 - 0x00007ffd914e1000 	C:\Users\userlocal\.p2\pool\plugins\org.eclipse.justj.openjdk.hotspot.jre.full.win32.x86_64_17.0.1.v20211116-1657\jre\bin\msvcp140.dll
0x00007ffd8c820000 - 0x00007ffd8d466000 	C:\Users\userlocal\.p2\pool\plugins\org.eclipse.justj.openjdk.hotspot.jre.full.win32.x86_64_17.0.1.v20211116-1657\jre\bin\server\jvm.dll
0x00007ffdca4c0000 - 0x00007ffdca56a000 	C:\WINDOWS\System32\ADVAPI32.dll
0x00007ffdca900000 - 0x00007ffdca99b000 	C:\WINDOWS\System32\sechost.dll
0x00007ffdc8ff0000 - 0x00007ffdc9113000 	C:\WINDOWS\System32\RPCRT4.dll
0x00007ffdc9ca0000 - 0x00007ffdc9ca8000 	C:\WINDOWS\System32\PSAPI.DLL
0x00007ffdc2e90000 - 0x00007ffdc2e99000 	C:\WINDOWS\SYSTEM32\WSOCK32.dll
0x00007ffdbb5b0000 - 0x00007ffdbb5d7000 	C:\WINDOWS\SYSTEM32\WINMM.dll
0x00007ffdc1ab0000 - 0x00007ffdc1aba000 	C:\WINDOWS\SYSTEM32\VERSION.dll
0x00007ffdca320000 - 0x00007ffdca38b000 	C:\WINDOWS\System32\WS2_32.dll
0x00007ffdc7130000 - 0x00007ffdc7143000 	C:\WINDOWS\SYSTEM32\kernel.appcore.dll
0x00007ffdc2e80000 - 0x00007ffdc2e8a000 	C:\Users\userlocal\.p2\pool\plugins\org.eclipse.justj.openjdk.hotspot.jre.full.win32.x86_64_17.0.1.v20211116-1657\jre\bin\jimage.dll
0x00007ffdb52c0000 - 0x00007ffdb54a4000 	C:\WINDOWS\SYSTEM32\DBGHELP.DLL
0x00007ffdb4e50000 - 0x00007ffdb4e7c000 	C:\WINDOWS\SYSTEM32\dbgcore.DLL
0x00007ffdc8ad0000 - 0x00007ffdc8b4f000 	C:\WINDOWS\System32\bcryptPrimitives.dll
0x00007ffda04d0000 - 0x00007ffda050b000 	C:\Users\userlocal\.p2\pool\plugins\org.eclipse.justj.openjdk.hotspot.jre.full.win32.x86_64_17.0.1.v20211116-1657\jre\bin\jdwp.dll
0x00007ffdabb90000 - 0x00007ffdabb9e000 	C:\Users\userlocal\.p2\pool\plugins\org.eclipse.justj.openjdk.hotspot.jre.full.win32.x86_64_17.0.1.v20211116-1657\jre\bin\instrument.dll
0x00007ffdb2570000 - 0x00007ffdb2595000 	C:\Users\userlocal\.p2\pool\plugins\org.eclipse.justj.openjdk.hotspot.jre.full.win32.x86_64_17.0.1.v20211116-1657\jre\bin\java.dll
0x00007ffdc1a90000 - 0x00007ffdc1aa8000 	C:\Users\userlocal\.p2\pool\plugins\org.eclipse.justj.openjdk.hotspot.jre.full.win32.x86_64_17.0.1.v20211116-1657\jre\bin\zip.dll
0x00007ffdc93c0000 - 0x00007ffdc9af1000 	C:\WINDOWS\System32\SHELL32.dll
0x00007ffdc66f0000 - 0x00007ffdc6e7a000 	C:\WINDOWS\SYSTEM32\windows.storage.dll
0x00007ffdca5a0000 - 0x00007ffdca8f4000 	C:\WINDOWS\System32\combase.dll
0x00007ffdc8080000 - 0x00007ffdc80ab000 	C:\WINDOWS\SYSTEM32\Wldp.dll
0x00007ffdcaa80000 - 0x00007ffdcab2e000 	C:\WINDOWS\System32\SHCORE.dll
0x00007ffdc9220000 - 0x00007ffdc9275000 	C:\WINDOWS\System32\shlwapi.dll
0x00007ffdc8610000 - 0x00007ffdc862f000 	C:\WINDOWS\SYSTEM32\profapi.dll
0x00007ffdab8c0000 - 0x00007ffdab8cc000 	C:\Users\userlocal\.p2\pool\plugins\org.eclipse.justj.openjdk.hotspot.jre.full.win32.x86_64_17.0.1.v20211116-1657\jre\bin\dt_socket.dll
0x00007ffdc7af0000 - 0x00007ffdc7b2b000 	C:\WINDOWS\SYSTEM32\IPHLPAPI.DLL
0x00007ffdc7e00000 - 0x00007ffdc7e6a000 	C:\WINDOWS\system32\mswsock.dll
0x00007ffdc7b30000 - 0x00007ffdc7bfa000 	C:\WINDOWS\SYSTEM32\DNSAPI.dll
0x00007ffdc9c90000 - 0x00007ffdc9c99000 	C:\WINDOWS\System32\NSI.dll
0x00007ffdbfbf0000 - 0x00007ffdbfbfa000 	C:\Windows\System32\rasadhlp.dll
0x00007ffdbfab0000 - 0x00007ffdbfb2f000 	C:\WINDOWS\System32\fwpuclnt.dll
0x00007ffdc8f20000 - 0x00007ffdc8f47000 	C:\WINDOWS\System32\bcrypt.dll
0x00007ffdb2550000 - 0x00007ffdb2569000 	C:\Users\userlocal\.p2\pool\plugins\org.eclipse.justj.openjdk.hotspot.jre.full.win32.x86_64_17.0.1.v20211116-1657\jre\bin\net.dll
0x00007ffdc29c0000 - 0x00007ffdc2ac2000 	C:\WINDOWS\SYSTEM32\WINHTTP.dll
0x00007ffdb2530000 - 0x00007ffdb2545000 	C:\Users\userlocal\.p2\pool\plugins\org.eclipse.justj.openjdk.hotspot.jre.full.win32.x86_64_17.0.1.v20211116-1657\jre\bin\nio.dll
0x00007ffdc18b0000 - 0x00007ffdc18c0000 	C:\Users\userlocal\.p2\pool\plugins\org.eclipse.justj.openjdk.hotspot.jre.full.win32.x86_64_17.0.1.v20211116-1657\jre\bin\verify.dll

dbghelp: loaded successfully - version: 4.0.5 - missing functions: none
symbol engine: initialized successfully - sym options: 0x614 - pdb path: .;C:\Users\userlocal\.p2\pool\plugins\org.eclipse.justj.openjdk.hotspot.jre.full.win32.x86_64_17.0.1.v20211116-1657\jre\bin;C:\WINDOWS\SYSTEM32;C:\WINDOWS\WinSxS\amd64_microsoft.windows.common-controls_6595b64144ccf1df_6.0.19041.1_none_b555e41d4684ddec;C:\Users\userlocal\.p2\pool\plugins\org.eclipse.justj.openjdk.hotspot.jre.full.win32.x86_64_17.0.1.v20211116-1657\jre\bin\server

VM Arguments:
jvm_args: -XX:+ShowCodeDetailsInExceptionMessages -agentlib:jdwp=transport=dt_socket,suspend=y,address=localhost:65248 -javaagent:C:\Users\userlocal\eclipse\java-2021-12\eclipse\configuration\org.eclipse.osgi\224\0\.cp\lib\javaagent-shaded.jar -Dfile.encoding=UTF-8 
java_command: onibus.ON1
java_class_path (initial): E:\Algoritmos Java\WS\PA\bin
Launcher Type: SUN_STANDARD

[Global flags]
     intx CICompilerCount                          = 3                                         {product} {ergonomic}
     uint ConcGCThreads                            = 1                                         {product} {ergonomic}
     uint G1ConcRefinementThreads                  = 4                                         {product} {ergonomic}
   size_t G1HeapRegionSize                         = 1048576                                   {product} {ergonomic}
    uintx GCDrainStackTargetSize                   = 64                                        {product} {ergonomic}
   size_t InitialHeapSize                          = 134217728                                 {product} {ergonomic}
   size_t MarkStackSize                            = 4194304                                   {product} {ergonomic}
   size_t MaxHeapSize                              = 2124414976                                {product} {ergonomic}
   size_t MaxNewSize                               = 1274019840                                {product} {ergonomic}
   size_t MinHeapDeltaBytes                        = 1048576                                   {product} {ergonomic}
   size_t MinHeapSize                              = 8388608                                   {product} {ergonomic}
    uintx NonNMethodCodeHeapSize                   = 5832780                                {pd product} {ergonomic}
    uintx NonProfiledCodeHeapSize                  = 122912730                              {pd product} {ergonomic}
    uintx ProfiledCodeHeapSize                     = 122912730                              {pd product} {ergonomic}
    uintx ReservedCodeCacheSize                    = 251658240                              {pd product} {ergonomic}
     bool SegmentedCodeCache                       = true                                      {product} {ergonomic}
     bool ShowCodeDetailsInExceptionMessages       = true                                   {manageable} {command line}
   size_t SoftMaxHeapSize                          = 2124414976                             {manageable} {ergonomic}
     bool UseCompressedClassPointers               = true                           {product lp64_product} {ergonomic}
     bool UseCompressedOops                        = true                           {product lp64_product} {ergonomic}
     bool UseG1GC                                  = true                                      {product} {ergonomic}
     bool UseLargePagesIndividualAllocation        = false                                  {pd product} {ergonomic}

Logging:
Log output configuration:
 #0: stdout all=warning uptime,level,tags
 #1: stderr all=off uptime,level,tags

Environment Variables:
PATH=C:\Users\userlocal\.p2\pool\plugins\org.eclipse.justj.openjdk.hotspot.jre.full.win32.x86_64_17.0.1.v20211116-1657\jre\bin;C:/Users/userlocal/.p2/pool/plugins/org.eclipse.justj.openjdk.hotspot.jre.full.win32.x86_64_17.0.1.v20211116-1657/jre/bin/server;C:/Users/userlocal/.p2/pool/plugins/org.eclipse.justj.openjdk.hotspot.jre.full.win32.x86_64_17.0.1.v20211116-1657/jre/bin;C:\Program Files\Microsoft MPI\Bin\;C:\Program Files (x86)\Common Files\Oracle\Java\javapath;C:\ProgramData\Oracle\Java\javapath;C:\WINDOWS\system32;C:\WINDOWS;C:\WINDOWS\System32\Wbem;C:\WINDOWS\System32\WindowsPowerShell\v1.0\;C:\Program Files\dotnet\;C:\Program Files\Microsoft SQL Server\130\Tools\Binn\;C:\Program Files (x86)\Microsoft SQL Server\140\Tools\Binn\;C:\Program Files (x86)\Microsoft SQL Server\140\DTS\Binn\;C:\Program Files (x86)\Microsoft SQL Server\Client SDK\ODBC\130\Tools\Binn\;C:\Program Files (x86)\Microsoft SQL Server\140\Tools\Binn\ManagementStudio\;c:\Program Files (x86)\Microsoft SQL Server\110\Tools\Binn\;c:\Program Files\Microsoft SQL Server\110\Tools\Binn\;c:\Program Files\Microsoft SQL Server\110\DTS\Binn\;C:\Program Files\Microsoft SQL Server\140\Tools\Binn\;C:\Program Files\Microsoft SQL Server\140\DTS\Binn\;C:\Program Files\Microsoft SQL Server\Client SDK\ODBC\130\Tools\Binn\;C:\WINDOWS\System32\OpenSSH\;C:\Users\userlocal\AppData\Local\Microsoft\WindowsApps;;C:\Users\userlocal\AppData\Local\Programs\Microsoft VS Code\bin;C:\Users\userlocal\Desktop;
USERNAME=userlocal
OS=Windows_NT
PROCESSOR_IDENTIFIER=Intel64 Family 6 Model 158 Stepping 9, GenuineIntel



---------------  S Y S T E M  ---------------

OS:
 Windows 10 , 64 bit Build 19041 (10.0.19041.1)
OS uptime: 0 days 2:38 hours

CPU: total 4 (initial active 4) (4 cores per cpu, 1 threads per core) family 6 model 158 stepping 9 microcode 0xb4, cx8, cmov, fxsr, mmx, 3dnowpref, sse, sse2, sse3, ssse3, sse4.1, sse4.2, popcnt, lzcnt, tsc, tscinvbit, avx, avx2, aes, erms, clmul, bmi1, bmi2, rtm, adx, fma, vzeroupper, clflush, clflushopt

Memory: 4k page, system-wide physical 8099M (474M free)
TotalPageFile size 20387M (AvailPageFile size 1M)
current process WorkingSet (physical memory assigned to process): 35M, peak: 50M
current process commit charge ("private bytes"): 202M, peak: 206M

vm_info: OpenJDK 64-Bit Server VM (17.0.1+12) for windows-amd64 JRE (17.0.1+12), built on Oct 20 2021 07:42:55 by "" with MS VC++ 16.7 (VS2019)

END.
